2026-01-06 16:00:09 - com.app.ecom.EcomApplication - Starting EcomApplication using Java 17.0.12 with PID 19020 (C:\Users\Archit\OneDrive\Desktop\ecom-microservices\ecom-application\ecom-application\target\classes started by Archit in C:\Users\Archit\OneDrive\Desktop\ecom-microservices\ecom-application)
2026-01-06 16:00:09 - com.app.ecom.EcomApplication - No active profile set, falling back to 1 default profile: "default"
2026-01-06 16:00:11 - o.s.d.r.c.RepositoryConfigurationDelegate - Bootstrapping Spring Data JPA repositories in DEFAULT mode.
2026-01-06 16:00:11 - o.s.d.r.c.RepositoryConfigurationDelegate - Finished Spring Data repository scanning in 78 ms. Found 4 JPA repository interfaces.
2026-01-06 16:00:12 - o.s.b.w.e.tomcat.TomcatWebServer - Tomcat initialized with port 8081 (http)
2026-01-06 16:00:12 - o.a.catalina.core.StandardService - Starting service [Tomcat]
2026-01-06 16:00:12 - o.a.catalina.core.StandardEngine - Starting Servlet engine: [Apache Tomcat/10.1.17]
2026-01-06 16:00:12 - o.a.c.c.C.[Tomcat].[localhost].[/] - Initializing Spring embedded WebApplicationContext
2026-01-06 16:00:12 - o.s.b.w.s.c.ServletWebServerApplicationContext - Root WebApplicationContext: initialization completed in 3140 ms
2026-01-06 16:00:13 - com.zaxxer.hikari.HikariDataSource - HikariPool-1 - Starting...
2026-01-06 16:00:13 - com.zaxxer.hikari.pool.HikariPool - HikariPool-1 - Added connection conn0: url=jdbc:h2:mem:testdb user=SA
2026-01-06 16:00:13 - com.zaxxer.hikari.HikariDataSource - HikariPool-1 - Start completed.
2026-01-06 16:00:13 - o.s.b.a.h.H2ConsoleAutoConfiguration - H2 console available at '/h2-console'. Database available at 'jdbc:h2:mem:testdb'
2026-01-06 16:00:14 - o.h.jpa.internal.util.LogHelper - HHH000204: Processing PersistenceUnitInfo [name: default]
2026-01-06 16:00:14 - org.hibernate.Version - HHH000412: Hibernate ORM core version 6.4.1.Final
2026-01-06 16:00:14 - o.h.c.i.RegionFactoryInitiator - HHH000026: Second-level cache disabled
2026-01-06 16:00:15 - o.s.o.j.p.SpringPersistenceUnitInfo - No LoadTimeWeaver setup: ignoring JPA class transformer
2026-01-06 16:00:15 - org.hibernate.orm.deprecation - HHH90000025: H2Dialect does not need to be specified explicitly using 'hibernate.dialect' (remove the property setting and it will be selected by default)
2026-01-06 16:00:16 - o.h.e.t.j.p.i.JtaPlatformInitiator - HHH000489: No JTA platform available (set 'hibernate.transaction.jta.platform' to enable JTA platform integration)
2026-01-06 16:00:16 - o.s.o.j.LocalContainerEntityManagerFactoryBean - Initialized JPA EntityManagerFactory for persistence unit 'default'
2026-01-06 16:00:18 - o.s.d.j.r.query.QueryEnhancerFactory - Hibernate is in classpath; If applicable, HQL parser will be used.
2026-01-06 16:00:23 - o.s.b.a.e.web.EndpointLinksResolver - Exposing 14 endpoint(s) beneath base path '/actuator'
2026-01-06 16:00:24 - o.s.b.w.e.tomcat.TomcatWebServer - Tomcat started on port 8081 (http) with context path ''
2026-01-06 16:00:24 - com.app.ecom.EcomApplication - Started EcomApplication in 15.107 seconds (process running for 15.512)
2026-01-06 16:00:27 - o.a.c.c.C.[Tomcat].[localhost].[/] - Initializing Spring DispatcherServlet 'dispatcherServlet'
2026-01-06 16:00:27 - o.s.web.servlet.DispatcherServlet - Initializing Servlet 'dispatcherServlet'
2026-01-06 16:00:27 - o.s.web.servlet.DispatcherServlet - Completed initialization in 1 ms
2026-01-06 16:00:45 - o.s.o.j.LocalContainerEntityManagerFactoryBean - Closing JPA EntityManagerFactory for persistence unit 'default'
2026-01-06 16:00:45 - com.zaxxer.hikari.HikariDataSource - HikariPool-1 - Shutdown initiated...
2026-01-06 16:00:45 - com.zaxxer.hikari.HikariDataSource - HikariPool-1 - Shutdown completed.
